2025-07-10 09:13:20,253 - INFO - Pygame 초기화 성공
2025-07-10 09:13:20,299 - INFO - 게임 컴포넌트 초기화 성공
2025-07-10 09:13:20,299 - INFO - 게임 시작 성공
2025-07-10 09:13:22,616 - INFO - 로딩 화면 표시 완료
2025-07-10 09:13:35,553 - INFO - Pygame 초기화 성공
2025-07-10 09:13:35,582 - INFO - 게임 컴포넌트 초기화 성공
2025-07-10 09:13:35,582 - INFO - 게임 시작 성공
2025-07-10 09:13:37,892 - INFO - 로딩 화면 표시 완료
2025-07-10 09:14:30,131 - INFO - Pygame 초기화 성공
2025-07-10 09:14:30,163 - INFO - 게임 컴포넌트 초기화 성공
2025-07-10 09:14:30,164 - INFO - 게임 시작 성공
2025-07-10 09:14:32,531 - INFO - 로딩 화면 표시 완료
2025-07-10 09:14:32,533 - INFO - 게임 메인 루프 시작
2025-07-10 09:14:40,007 - INFO - 게임 재시작
2025-07-10 09:14:40,008 - INFO - 게임 모드 변경: AI Battle
2025-07-10 09:15:05,617 - INFO - 게임 종료
2025-07-10 09:16:06,699 - INFO - Pygame 초기화 성공
2025-07-10 09:16:06,731 - INFO - 게임 컴포넌트 초기화 성공
2025-07-10 09:16:06,731 - INFO - 게임 시작 성공
2025-07-10 09:16:09,085 - INFO - 로딩 화면 표시 완료
2025-07-10 09:16:09,085 - INFO - 게임 메인 루프 시작
2025-07-10 09:16:49,168 - INFO - 게임 종료
2025-07-10 09:17:28,178 - INFO - Pygame 초기화 성공
2025-07-10 09:17:28,207 - INFO - 게임 컴포넌트 초기화 성공
2025-07-10 09:17:28,207 - INFO - 게임 시작 성공
2025-07-10 09:17:30,503 - INFO - 로딩 화면 표시 완료
2025-07-10 09:17:30,504 - INFO - 게임 메인 루프 시작
2025-07-10 09:17:33,263 - INFO - 게임 종료
2025-07-10 09:18:29,009 - INFO - Pygame 초기화 성공
2025-07-10 09:18:29,037 - INFO - 게임 컴포넌트 초기화 성공
2025-07-10 09:18:29,038 - INFO - 게임 시작 성공
2025-07-10 09:18:31,344 - INFO - 로딩 화면 표시 완료
2025-07-10 09:18:31,345 - INFO - 게임 메인 루프 시작
2025-07-10 09:18:41,234 - INFO - 게임 재시작
2025-07-10 09:18:41,234 - INFO - 게임 모드 변경: AI Battle
2025-07-10 09:18:48,045 - INFO - 게임 종료: 승자 1
2025-07-10 09:18:51,968 - INFO - 게임 재시작
2025-07-10 09:18:53,212 - INFO - 게임 재시작
2025-07-10 09:18:53,212 - INFO - 게임 모드 변경: 2-Player
2025-07-10 09:18:59,874 - INFO - 게임 종료: 승자 1
2025-07-10 09:19:04,130 - INFO - 게임 재시작
2025-07-10 09:19:05,721 - INFO - 게임 재시작
2025-07-10 09:19:05,722 - INFO - 게임 모드 변경: AI Battle
2025-07-10 09:32:42,746 - INFO - 게임 종료: 승자 1
2025-07-10 09:33:33,025 - INFO - 게임 재시작
2025-07-10 09:35:49,444 - INFO - Pygame 초기화 성공
2025-07-10 09:35:49,522 - INFO - 게임 컴포넌트 초기화 성공
2025-07-10 09:35:49,523 - INFO - 게임 시작 성공
2025-07-10 09:35:51,943 - INFO - 로딩 화면 표시 완료
2025-07-10 09:35:51,943 - INFO - 게임 메인 루프 시작
2025-07-10 09:36:03,550 - INFO - 게임 종료
